# JRE version: Java(TM) SE Runtime Environment (17.0.12+8) (build 17.0.12+8-LTS-286)
# Java VM: Java HotSpot(TM) 64-Bit Server VM (17.0.12+8-LTS-286, mixed mode, emulated-client, sharing, tiered, compressed oops, compressed class ptrs, g1 gc, windows-amd64)
GC Precious Log:
 CPUs: 8 total, 8 available
 Memory: 7975M
 Large Page Support: Disabled
 NUMA Support: Disabled
 Compressed Oops: Enabled (32-bit)
 Heap Region Size: 1M
 Heap Min Capacity: 8M
 Heap Initial Capacity: 126M
 Heap Max Capacity: 1994M
 Pre-touch: Disabled
 Parallel Workers: 8
 Concurrent Workers: 2
 Concurrent Refinement Workers: 8
 Periodic GC: Disabled
Heap:
 garbage-first heap   total 229376K, used 87669K [0x0000000083600000, 0x0000000100000000)
  region size 1024K, 2 young (2048K), 2 survivors (2048K)
 Metaspace       used 106076K, committed 107008K, reserved 1179648K
  class space    used 15160K, committed 15616K, reserved 1048576K
GC Heap History (20 events):
Event: 19.044 GC heap after
{Heap after GC invocations=43 (full 0):
 garbage-first heap   total 104448K, used 51443K [0x0000000083600000, 0x0000000100000000)
  region size 1024K, 2 young (2048K), 2 survivors (2048K)
 Metaspace       used 87767K, committed 88448K, reserved 1179648K
  class space    used 12547K, committed 12864K, reserved 1048576K
}
Event: 19.719 GC heap before
{Heap before GC invocations=44 (full 0):
 garbage-first heap   total 104448K, used 84211K [0x0000000083600000, 0x0000000100000000)
  region size 1024K, 35 young (35840K), 2 survivors (2048K)
 Metaspace       used 89245K, committed 89920K, reserved 1179648K
  class space    used 12752K, committed 13056K, reserved 1048576K
}
Event: 19.725 GC heap after
{Heap after GC invocations=45 (full 0):
 garbage-first heap   total 104448K, used 54636K [0x0000000083600000, 0x0000000100000000)
  region size 1024K, 5 young (5120K), 5 survivors (5120K)
 Metaspace       used 89245K, committed 89920K, reserved 1179648K
  class space    used 12752K, committed 13056K, reserved 1048576K
}
Event: 19.729 GC heap before
{Heap before GC invocations=45 (full 0):
 garbage-first heap   total 104448K, used 54636K [0x0000000083600000, 0x0000000100000000)
  region size 1024K, 6 young (6144K), 5 survivors (5120K)
 Metaspace       used 89245K, committed 89920K, reserved 1179648K
  class space    used 12752K, committed 13056K, reserved 1048576K
}
Event: 19.733 GC heap after
{Heap after GC invocations=46 (full 0):
 garbage-first heap   total 104448K, used 54903K [0x0000000083600000, 0x0000000100000000)
  region size 1024K, 1 young (1024K), 1 survivors (1024K)
 Metaspace       used 89245K, committed 89920K, reserved 1179648K
  class space    used 12752K, committed 13056K, reserved 1048576K
}
Event: 19.783 GC heap before
{Heap before GC invocations=46 (full 0):
 garbage-first heap   total 104448K, used 85623K [0x0000000083600000, 0x0000000100000000)
  region size 1024K, 31 young (31744K), 1 survivors (1024K)
 Metaspace       used 89245K, committed 89920K, reserved 1179648K
  class space    used 12752K, committed 13056K, reserved 1048576K
}
Event: 19.787 GC heap after
{Heap after GC invocations=47 (full 0):
 garbage-first heap   total 104448K, used 61440K [0x0000000083600000, 0x0000000100000000)
  region size 1024K, 4 young (4096K), 4 survivors (4096K)
 Metaspace       used 89245K, committed 89920K, reserved 1179648K
  class space    used 12752K, committed 13056K, reserved 1048576K
}
Event: 19.836 GC heap before
{Heap before GC invocations=47 (full 0):
 garbage-first heap   total 104448K, used 82944K [0x0000000083600000, 0x0000000100000000)
  region size 1024K, 26 young (26624K), 4 survivors (4096K)
 Metaspace       used 89258K, committed 89920K, reserved 1179648K
  class space    used 12754K, committed 13056K, reserved 1048576K
}
Event: 19.843 GC heap after
{Heap after GC invocations=48 (full 0):
 garbage-first heap   total 229376K, used 68101K [0x0000000083600000, 0x0000000100000000)
  region size 1024K, 4 young (4096K), 4 survivors (4096K)
 Metaspace       used 89258K, committed 89920K, reserved 1179648K
  class space    used 12754K, committed 13056K, reserved 1048576K
}
Event: 20.065 GC heap before
{Heap before GC invocations=48 (full 0):
 garbage-first heap   total 229376K, used 168453K [0x0000000083600000, 0x0000000100000000)
  region size 1024K, 102 young (104448K), 4 survivors (4096K)
 Metaspace       used 89340K, committed 89984K, reserved 1179648K
  class space    used 12766K, committed 13056K, reserved 1048576K
}
Event: 20.072 GC heap after
{Heap after GC invocations=49 (full 0):
 garbage-first heap   total 229376K, used 75363K [0x0000000083600000, 0x0000000100000000)
  region size 1024K, 12 young (12288K), 12 survivors (12288K)
 Metaspace       used 89340K, committed 89984K, reserved 1179648K
  class space    used 12766K, committed 13056K, reserved 1048576K
}
Event: 20.273 GC heap before
{Heap before GC invocations=49 (full 0):
 garbage-first heap   total 229376K, used 174691K [0x0000000083600000, 0x0000000100000000)
  region size 1024K, 108 young (110592K), 12 survivors (12288K)
 Metaspace       used 89381K, committed 89984K, reserved 1179648K
  class space    used 12773K, committed 13056K, reserved 1048576K
}
Event: 20.284 GC heap after
{Heap after GC invocations=50 (full 0):
 garbage-first heap   total 229376K, used 81382K [0x0000000083600000, 0x0000000100000000)
  region size 1024K, 13 young (13312K), 13 survivors (13312K)
 Metaspace       used 89381K, committed 89984K, reserved 1179648K
  class space    used 12773K, committed 13056K, reserved 1048576K
}
Event: 21.864 GC heap before
{Heap before GC invocations=50 (full 0):
 garbage-first heap   total 229376K, used 177638K [0x0000000083600000, 0x0000000100000000)
  region size 1024K, 108 young (110592K), 13 survivors (13312K)
 Metaspace       used 90827K, committed 91520K, reserved 1179648K
  class space    used 13039K, committed 13376K, reserved 1048576K
}
Event: 21.871 GC heap after
{Heap after GC invocations=51 (full 0):
 garbage-first heap   total 229376K, used 76185K [0x0000000083600000, 0x0000000100000000)
  region size 1024K, 4 young (4096K), 4 survivors (4096K)
 Metaspace       used 90827K, committed 91520K, reserved 1179648K
  class space    used 13039K, committed 13376K, reserved 1048576K
}
Event: 24.059 GC heap before
{Heap before GC invocations=51 (full 0):
 garbage-first heap   total 229376K, used 177561K [0x0000000083600000, 0x0000000100000000)
  region size 1024K, 104 young (106496K), 4 survivors (4096K)
 Metaspace       used 96057K, committed 96832K, reserved 1179648K
  class space    used 13741K, committed 14144K, reserved 1048576K
}
Event: 24.071 GC heap after
{Heap after GC invocations=52 (full 0):
 garbage-first heap   total 229376K, used 81431K [0x0000000083600000, 0x0000000100000000)
  region size 1024K, 10 young (10240K), 10 survivors (10240K)
 Metaspace       used 96057K, committed 96832K, reserved 1179648K
  class space    used 13741K, committed 14144K, reserved 1048576K
}
Event: 63.951 GC heap before
{Heap before GC invocations=52 (full 0):
 garbage-first heap   total 229376K, used 180759K [0x0000000083600000, 0x0000000100000000)
  region size 1024K, 107 young (109568K), 10 survivors (10240K)
 Metaspace       used 106039K, committed 106880K, reserved 1179648K
  class space    used 15153K, committed 15552K, reserved 1048576K
}
Event: 68.861 GC heap after
{Heap after GC invocations=53 (full 0):
 garbage-first heap   total 229376K, used 86286K [0x0000000083600000, 0x0000000100000000)
  region size 1024K, 11 young (11264K), 11 survivors (11264K)
 Metaspace       used 106039K, committed 106880K, reserved 1179648K
  class space    used 15153K, committed 15552K, reserved 1048576K
}
Event: 73.144 GC heap before
{Heap before GC invocations=53 (full 0):
 garbage-first heap   total 229376K, used 87310K [0x0000000083600000, 0x0000000100000000)
  region size 1024K, 12 young (12288K), 11 survivors (11264K)
 Metaspace       used 106076K, committed 107008K, reserved 1179648K
  class space    used 15160K, committed 15616K, reserved 1048576K
}

