# JRE version: Java(TM) SE Runtime Environment (17.0.12+8) (build 17.0.12+8-LTS-286)
# Java VM: Java HotSpot(TM) 64-Bit Server VM (17.0.12+8-LTS-286, mixed mode, emulated-client, sharing, tiered, compressed oops, compressed class ptrs, g1 gc, windows-amd64)
GC Precious Log:
 CPUs: 8 total, 8 available
 Memory: 7975M
 Large Page Support: Disabled
 NUMA Support: Disabled
 Compressed Oops: Enabled (32-bit)
 Heap Region Size: 1M
 Heap Min Capacity: 8M
 Heap Initial Capacity: 126M
 Heap Max Capacity: 1994M
 Pre-touch: Disabled
 Parallel Workers: 8
 Concurrent Workers: 2
 Concurrent Refinement Workers: 8
 Periodic GC: Disabled
Heap:
 garbage-first heap   total 190464K, used 110843K [0x0000000083600000, 0x0000000100000000)
  region size 1024K, 6 young (6144K), 6 survivors (6144K)
 Metaspace       used 89462K, committed 90112K, reserved 1179648K
  class space    used 12755K, committed 13056K, reserved 1048576K
GC Heap History (20 events):
Event: 12.126 GC heap after
{Heap after GC invocations=26 (full 0):
 garbage-first heap   total 121856K, used 47980K [0x0000000083600000, 0x0000000100000000)
  region size 1024K, 7 young (7168K), 7 survivors (7168K)
 Metaspace       used 80738K, committed 81280K, reserved 1179648K
  class space    used 11509K, committed 11776K, reserved 1048576K
}
Event: 12.348 GC heap before
{Heap before GC invocations=26 (full 0):
 garbage-first heap   total 121856K, used 58220K [0x0000000083600000, 0x0000000100000000)
  region size 1024K, 18 young (18432K), 7 survivors (7168K)
 Metaspace       used 83146K, committed 83648K, reserved 1179648K
  class space    used 11855K, committed 12096K, reserved 1048576K
}
Event: 12.352 GC heap after
{Heap after GC invocations=27 (full 0):
 garbage-first heap   total 121856K, used 48248K [0x0000000083600000, 0x0000000100000000)
  region size 1024K, 4 young (4096K), 4 survivors (4096K)
 Metaspace       used 83146K, committed 83648K, reserved 1179648K
  class space    used 11855K, committed 12096K, reserved 1048576K
}
Event: 12.967 GC heap before
{Heap before GC invocations=28 (full 0):
 garbage-first heap   total 121856K, used 100472K [0x0000000083600000, 0x0000000100000000)
  region size 1024K, 55 young (56320K), 4 survivors (4096K)
 Metaspace       used 86954K, committed 87616K, reserved 1179648K
  class space    used 12410K, committed 12736K, reserved 1048576K
}
Event: 12.971 GC heap after
{Heap after GC invocations=29 (full 0):
 garbage-first heap   total 121856K, used 51461K [0x0000000083600000, 0x0000000100000000)
  region size 1024K, 7 young (7168K), 7 survivors (7168K)
 Metaspace       used 86954K, committed 87616K, reserved 1179648K
  class space    used 12410K, committed 12736K, reserved 1048576K
}
Event: 13.361 GC heap before
{Heap before GC invocations=29 (full 0):
 garbage-first heap   total 121856K, used 100613K [0x0000000083600000, 0x0000000100000000)
  region size 1024K, 55 young (56320K), 7 survivors (7168K)
 Metaspace       used 89146K, committed 89792K, reserved 1179648K
  class space    used 12719K, committed 13056K, reserved 1048576K
}
Event: 13.366 GC heap after
{Heap after GC invocations=30 (full 0):
 garbage-first heap   total 121856K, used 53984K [0x0000000083600000, 0x0000000100000000)
  region size 1024K, 6 young (6144K), 6 survivors (6144K)
 Metaspace       used 89146K, committed 89792K, reserved 1179648K
  class space    used 12719K, committed 13056K, reserved 1048576K
}
Event: 13.454 GC heap before
{Heap before GC invocations=30 (full 0):
 garbage-first heap   total 121856K, used 102112K [0x0000000083600000, 0x0000000100000000)
  region size 1024K, 53 young (54272K), 6 survivors (6144K)
 Metaspace       used 89326K, committed 89984K, reserved 1179648K
  class space    used 12735K, committed 13056K, reserved 1048576K
}
Event: 13.462 GC heap after
{Heap after GC invocations=31 (full 0):
 garbage-first heap   total 121856K, used 63904K [0x0000000083600000, 0x0000000100000000)
  region size 1024K, 7 young (7168K), 7 survivors (7168K)
 Metaspace       used 89326K, committed 89984K, reserved 1179648K
  class space    used 12735K, committed 13056K, reserved 1048576K
}
Event: 13.532 GC heap before
{Heap before GC invocations=31 (full 0):
 garbage-first heap   total 121856K, used 96672K [0x0000000083600000, 0x0000000100000000)
  region size 1024K, 40 young (40960K), 7 survivors (7168K)
 Metaspace       used 89421K, committed 90048K, reserved 1179648K
  class space    used 12749K, committed 13056K, reserved 1048576K
}
Event: 13.541 GC heap after
{Heap after GC invocations=32 (full 0):
 garbage-first heap   total 190464K, used 74076K [0x0000000083600000, 0x0000000100000000)
  region size 1024K, 5 young (5120K), 5 survivors (5120K)
 Metaspace       used 89421K, committed 90048K, reserved 1179648K
  class space    used 12749K, committed 13056K, reserved 1048576K
}
Event: 13.675 GC heap before
{Heap before GC invocations=33 (full 0):
 garbage-first heap   total 190464K, used 141660K [0x0000000083600000, 0x0000000100000000)
  region size 1024K, 71 young (72704K), 5 survivors (5120K)
 Metaspace       used 89421K, committed 90048K, reserved 1179648K
  class space    used 12749K, committed 13056K, reserved 1048576K
}
Event: 13.685 GC heap after
{Heap after GC invocations=34 (full 0):
 garbage-first heap   total 190464K, used 91911K [0x0000000083600000, 0x0000000100000000)
  region size 1024K, 9 young (9216K), 9 survivors (9216K)
 Metaspace       used 89421K, committed 90048K, reserved 1179648K
  class space    used 12749K, committed 13056K, reserved 1048576K
}
Event: 13.688 GC heap before
{Heap before GC invocations=34 (full 0):
 garbage-first heap   total 190464K, used 92935K [0x0000000083600000, 0x0000000100000000)
  region size 1024K, 10 young (10240K), 9 survivors (9216K)
 Metaspace       used 89421K, committed 90048K, reserved 1179648K
  class space    used 12749K, committed 13056K, reserved 1048576K
}
Event: 13.694 GC heap after
{Heap after GC invocations=35 (full 0):
 garbage-first heap   total 190464K, used 94100K [0x0000000083600000, 0x0000000100000000)
  region size 1024K, 2 young (2048K), 2 survivors (2048K)
 Metaspace       used 89421K, committed 90048K, reserved 1179648K
  class space    used 12749K, committed 13056K, reserved 1048576K
}
Event: 13.757 GC heap before
{Heap before GC invocations=35 (full 0):
 garbage-first heap   total 190464K, used 142228K [0x0000000083600000, 0x0000000100000000)
  region size 1024K, 49 young (50176K), 2 survivors (2048K)
 Metaspace       used 89421K, committed 90048K, reserved 1179648K
  class space    used 12749K, committed 13056K, reserved 1048576K
}
Event: 13.762 GC heap after
{Heap after GC invocations=36 (full 0):
 garbage-first heap   total 190464K, used 103177K [0x0000000083600000, 0x0000000100000000)
  region size 1024K, 7 young (7168K), 7 survivors (7168K)
 Metaspace       used 89421K, committed 90048K, reserved 1179648K
  class space    used 12749K, committed 13056K, reserved 1048576K
}
Event: 13.843 GC heap before
{Heap before GC invocations=36 (full 0):
 garbage-first heap   total 190464K, used 130825K [0x0000000083600000, 0x0000000100000000)
  region size 1024K, 49 young (50176K), 7 survivors (7168K)
 Metaspace       used 89462K, committed 90112K, reserved 1179648K
  class space    used 12755K, committed 13056K, reserved 1048576K
}
Event: 13.851 GC heap after
{Heap after GC invocations=37 (full 0):
 garbage-first heap   total 190464K, used 101087K [0x0000000083600000, 0x0000000100000000)
  region size 1024K, 7 young (7168K), 7 survivors (7168K)
 Metaspace       used 89462K, committed 90112K, reserved 1179648K
  class space    used 12755K, committed 13056K, reserved 1048576K
}
Event: 13.923 GC heap before
{Heap before GC invocations=38 (full 0):
 garbage-first heap   total 190464K, used 142047K [0x0000000083600000, 0x0000000100000000)
  region size 1024K, 48 young (49152K), 7 survivors (7168K)
 Metaspace       used 89462K, committed 90112K, reserved 1179648K
  class space    used 12755K, committed 13056K, reserved 1048576K
}

